<?xml version="1.0" encoding="UTF-8"?>
<!-- Generated by org.testng.reporters.JUnitReportReporter -->
<testsuite hostname="LH-CDBV63OGOPJV" name="demo.MavenDemo" tests="2" failures="0" timestamp="7 Aug 2016 11:21:25 GMT" time="22.210" errors="0">
  <testcase name="openBrowser" time="12.009" classname="demo.MavenDemo"/>
  <testcase name="openBrowser" time="10.201" classname="demo.MavenDemo"/>
</testsuite> <!-- demo.MavenDemo -->
